C51 COMPILER V9.00   MOVE                                                                  09/16/2019 17:50:31 PAGE 1   


C51 COMPILER V9.00, COMPILATION OF MODULE MOVE
OBJECT MODULE PLACED IN move.OBJ
COMPILER INVOKED BY: C:\Keil\C51\BIN\C51.EXE move.c BROWSE DEBUG OBJECTEXTEND

line level    source

   1          #include<reg51.h> 
   2          #include<duoji.h>
   3          //#include<chaoshengbo.h>
   4          //#include<fan.h>
   5          //#include<luxian.h>
   6          #define uint unsigned int //宏定义uint 为unsigned int类型
   7          
   8          //主函数
   9          void main()
  10          {       
  11   1              
  12   1              while(1) Forward(200,300);
  13   1      }


MODULE INFORMATION:   STATIC OVERLAYABLE
   CODE SIZE        =    658    ----
   CONSTANT SIZE    =   ----    ----
   XDATA SIZE       =   ----    ----
   PDATA SIZE       =   ----    ----
   DATA SIZE        =   ----      32
   IDATA SIZE       =   ----    ----
   BIT SIZE         =   ----    ----
END OF MODULE INFORMATION.


C51 COMPILATION COMPLETE.  0 WARNING(S),  0 ERROR(S)
