C51 COMPILER V9.00   MOVE                                                                  09/21/2019 12:25:11 PAGE 1   


C51 COMPILER V9.00, COMPILATION OF MODULE MOVE
OBJECT MODULE PLACED IN move.OBJ
COMPILER INVOKED BY: C:\Keil\C51\BIN\C51.EXE move.c BROWSE DEBUG OBJECTEXTEND

line level    source

   1          #include<reg51.h> 
   2          #include<zhixian.h>
   3          //#include<chaoshengbo.h>
   4          //#include<fan.h>
   5          #include<luxian.h>
   6          #define uint unsigned int //宏定义uint 为unsigned int类型
   7          
   8          //主函数
   9          void main()
  10          {       //初始化
  11   1              T0_INIT();
  12   1              INT1_INIT();
  13   1              trig = 0;
  14   1      //      SIG=1;                  //风扇电机静止
  15   1      //      SIG1=1;         //火焰传感器
  16   1      //      SIG2=1;
  17   1      
  18   1              while(1)
  19   1              {
  20   2                      FRHJ(1);
  21   2                      while(1) Stop();
  22   2              }
  23   1      }
*** WARNING C291 IN LINE 45 OF MOVE.C: not every exit path returns a value


MODULE INFORMATION:   STATIC OVERLAYABLE
   CODE SIZE        =   4932    ----
   CONSTANT SIZE    =     50    ----
   XDATA SIZE       =   ----    ----
   PDATA SIZE       =   ----    ----
   DATA SIZE        =     15     124
   IDATA SIZE       =   ----      86
   BIT SIZE         =      1       1
END OF MODULE INFORMATION.


C51 COMPILATION COMPLETE.  1 WARNING(S),  0 ERROR(S)
