C51 COMPILER V9.00   _灭火程序                                                            09/21/2019 20:37:35 PAGE 1   


C51 COMPILER V9.00, COMPILATION OF MODULE _灭火程序
OBJECT MODULE PLACED IN 总灭火程序.OBJ
COMPILER INVOKED BY: C:\Keil\C51\BIN\C51.EXE 总灭火程序.c BROWSE DEBUG OBJECTEXTEND

line level    source

   1          #include<reg51.h>    //包含单片机寄存器的头文件
   2          #include<zhixian.h>
   3          #include<miehuo.h>
   4          #define uint unsigned int //宏定义uint 为unsigned int类型
   5          uint r;
   6          void main()
   7          {       
   8   1              
   9   1              //初始化
  10   1              T0_INIT();
  11   1              INT1_INIT();
  12   1              trig = 0;
  13   1              SIG=1;                  //风扇电机静止
  14   1              SIG1=1;         //火焰传感器
  15   1              SIG2=1;
  16   1      
  17   1              while(1)        //要加while传感器才会开始读取
  18   1              {       
  19   2                      FRJF();
  20   2                      FourRoom();
  21   2                      //去下一个房间
  22   2                      ThreeRJF();
  23   2                      ThreeRoom();
  24   2                      TwoRJF();
  25   2                      TwoRoom();
  26   2                      ORJF();
  27   2                      ORoom();
  28   2      
  29   2                      while(1) Keep();                        
  30   2              }       
  31   1      }
*** WARNING C291 IN LINE 45 OF 总灭火程序.C: not every exit path returns a value


MODULE INFORMATION:   STATIC OVERLAYABLE
   CODE SIZE        =   6761    ----
   CONSTANT SIZE    =    170    ----
   XDATA SIZE       =   ----    ----
   PDATA SIZE       =   ----    ----
   DATA SIZE        =     17     146
   IDATA SIZE       =   ----     206
   BIT SIZE         =      1       1
END OF MODULE INFORMATION.


C51 COMPILATION COMPLETE.  1 WARNING(S),  0 ERROR(S)
