C51 COMPILER V9.00   灭火调试                                                              09/20/2019 22:02:56 PAGE 1   


C51 COMPILER V9.00, COMPILATION OF MODULE 灭火调试
OBJECT MODULE PLACED IN 灭火调试.OBJ
COMPILER INVOKED BY: C:\Keil\C51\BIN\C51.EXE 灭火调试.c BROWSE DEBUG OBJECTEXTEND

line level    source

   1          #include <REG51.H>
   2          #include<zhixian.h>
   3          #include<fan.h>
   4          
   5          void main()
   6          {        SIG = 1;
   7   1               SIG1=1;
   8   1               SIG2=1;
   9   1              while(1)
  10   1              {
  11   2                      SIG = 1;
  12   2                      if((SIG1==0)&&(SIG2==0))//左右火焰传感器检测都检测到火焰
  13   2                      {
  14   3                              SIG =0;
  15   3                              delay_nms(300);//当左右火焰传感器都检测到火焰时对应的的操作
  16   3                      }
  17   2      //              else if((SIG1==1)&&(SIG2==0))  //右火焰传感器检测到火焰
  18   2      //              {
  19   2      //                      Right(20,200);//当右火焰传感器都检测到火焰时对应的的操作
  20   2      //              }
  21   2      //              else if((SIG1=0)&&(SIG2==1)) //左火焰传感器检测到火焰
  22   2      //              {
  23   2      //                      Left(20,200);   //当左火焰传感器都检测到火焰时对应的的操作
  24   2      //              }
  25   2                      else  //当左右火焰传感器都没有检测到火焰时对应的的操作
  26   2                  {
  27   3                              Keep(); 
  28   3              }
  29   2              }
  30   1      }
*** WARNING C291 IN LINE 45 OF 灭火调试.C: not every exit path returns a value


MODULE INFORMATION:   STATIC OVERLAYABLE
   CODE SIZE        =   3546    ----
   CONSTANT SIZE    =     50    ----
   XDATA SIZE       =   ----    ----
   PDATA SIZE       =   ----    ----
   DATA SIZE        =     15     100
   IDATA SIZE       =   ----      86
   BIT SIZE         =      1       1
END OF MODULE INFORMATION.


C51 COMPILATION COMPLETE.  1 WARNING(S),  0 ERROR(S)
