C51 COMPILER V9.00   AD调试                                                                08/17/2019 15:45:59 PAGE 1   


C51 COMPILER V9.00, COMPILATION OF MODULE AD调试
OBJECT MODULE PLACED IN AD调试.OBJ
COMPILER INVOKED BY: E:\Keil\C51\BIN\C51.EXE AD调试.c BROWSE DEBUG OBJECTEXTEND

line level    source

   1          #include<reg51.h>    //包含单片机寄存器的头文件
   2          #include<AD.h>
   3          
   4          void main()
   5          {
   6   1              Initial_com();
   7   1              while(1)
   8   1              {
   9   2              /********AD-DA处理*************/
  10   2              ISendByte(PCF8591,0x41);        /*0x41是第一个AD输入接口，0x40是第二个*/ 
  11   2              D[0]=IRcvByte(PCF8591);
  12   2              ISendByte(PCF8591,0x40);        
  13   2              D[1]=IRcvByte(PCF8591); 
  14   2               
  15   2                /********以下将AD的值通过串口发送出去*************/   
  16   2              send_char(D[1]);
  17   2              }
  18   1      }


MODULE INFORMATION:   STATIC OVERLAYABLE
   CODE SIZE        =    332    ----
   CONSTANT SIZE    =     10    ----
   XDATA SIZE       =     32    ----
   PDATA SIZE       =   ----    ----
   DATA SIZE        =     70    ----
   IDATA SIZE       =   ----    ----
   BIT SIZE         =      1       1
END OF MODULE INFORMATION.


C51 COMPILATION COMPLETE.  0 WARNING(S),  0 ERROR(S)
