C51 COMPILER V9.00   ROOM1                                                                 07/23/2019 13:17:38 PAGE 1   


C51 COMPILER V9.00, COMPILATION OF MODULE ROOM1
OBJECT MODULE PLACED IN room1.OBJ
COMPILER INVOKED BY: E:\Keil\C51\BIN\C51.EXE room1.c BROWSE DEBUG OBJECTEXTEND

line level    source

   1          #include<reg51.h> //包含单片机寄存器的定义头文件
   2          #define uint unsigned int //宏定义uint 为unsigned int类型
   3          #define uchar unsigned char //宏定义uchar 为unsigned char 类型
   4          sbit P1_2 = P1^2;//定义舵机PWM控制端口
   5          sbit P1_3 = P1^3;//定义舵机PWM控制端口
   6          //延时n微妙
   7          void delay_nus(unsigned int i)  
   8          { 
   9   1              i=i/10;
  10   1              while(--i);
  11   1      }   
  12          //延时n毫妙
  13          void delay_nms(unsigned int n)  
  14          { 
  15   1              n=n+1;
  16   1              while(--n)  
  17   1              delay_nus(900);         
  18   1      }   
  19          
  20          //主函数
  21          void main(void)
  22          {
  23   1          uint a,b,c,d,e,f; 
  24   1          while(1)
  25   1              {
  26   2      //前进
  27   2                      for(a=0;a<100;a++)
  28   2                      {
  29   3      //静止基准时间t=1500us，大于或小于1500us将使对应端口的车轮正或反转起来
  30   3                              P1_3=1;
  31   3                              delay_nus(1700);
  32   3                              P1_3=0;
  33   3                                                               
  34   3                              P1_2=1;
  35   3                              delay_nus(1300);
  36   3                              P1_2=0;
  37   3                              delay_nms(25);
  38   3                                      
  39   3                      }
  40   2      //右转
  41   2              for(b=0;b<100;b++)
  42   2                      {
  43   3      //静止基准时间t=1500us，大于或小于1500us将使对应端口的车轮正或反转起来
  44   3                  P1_3=1;
  45   3                              delay_nus(1500);
  46   3                              P1_3=0;
  47   3                                                               
  48   3                              P1_2=1;
  49   3                              delay_nus(1300);
  50   3                              P1_2=0;
  51   3                              delay_nms(10);
  52   3                      }
  53   2      //前进
  54   2                      for(c=0;c<100;c++)
  55   2                      {
C51 COMPILER V9.00   ROOM1                                                                 07/23/2019 13:17:38 PAGE 2   

  56   3      //静止基准时间t=1500us，大于或小于1500us将使对应端口的车轮正或反转起来
  57   3                              P1_3=1;
  58   3                              delay_nus(1700);
  59   3                              P1_3=0;
  60   3                                                               
  61   3                              P1_2=1;
  62   3                              delay_nus(1300);
  63   3                              P1_2=0;
  64   3                              delay_nms(25);
  65   3                                      
  66   3                      }
  67   2      //左转  
  68   2                      for(d=0;d<100;d++)
  69   2                      {
  70   3      //静止基准时间t=1500us，大于或小于1500us将使对应端口的车轮正或反转起来
  71   3                  P1_3=1;
  72   3                              delay_nus(1700);
  73   3                              P1_3=0;
  74   3                                                               
  75   3                              P1_2=1;
  76   3                              delay_nus(1500);
  77   3                              P1_2=0;
  78   3                              delay_nms(10);
  79   3                      }
  80   2      //前进
  81   2                      for(e=0;e<100;e++)
  82   2                      {
  83   3      //静止基准时间t=1500us，大于或小于1500us将使对应端口的车轮正或反转起来
  84   3                              P1_3=1;
  85   3                              delay_nus(1700);
  86   3                              P1_3=0;
  87   3                                                               
  88   3                              P1_2=1;
  89   3                              delay_nus(1300);
  90   3                              P1_2=0;
  91   3                              delay_nms(25);
  92   3                                      
  93   3                      }
  94   2      //左转  
  95   2                      for(f=0;f<100;f++)
  96   2                      {
  97   3      //静止基准时间t=1500us，大于或小于1500us将使对应端口的车轮正或反转起来
  98   3                  P1_3=1;
  99   3                              delay_nus(1700);
 100   3                              P1_3=0;
 101   3                                                               
 102   3                              P1_2=1;
 103   3                              delay_nus(1500);
 104   3                              P1_2=0;
 105   3                              delay_nms(10);
 106   3                      }                       
 107   2              }
 108   1      }                


MODULE INFORMATION:   STATIC OVERLAYABLE
   CODE SIZE        =    278    ----
   CONSTANT SIZE    =   ----    ----
   XDATA SIZE       =   ----    ----
   PDATA SIZE       =   ----    ----
   DATA SIZE        =   ----      10
   IDATA SIZE       =   ----    ----
C51 COMPILER V9.00   ROOM1                                                                 07/23/2019 13:17:38 PAGE 3   

   BIT SIZE         =   ----    ----
END OF MODULE INFORMATION.


C51 COMPILATION COMPLETE.  0 WARNING(S),  0 ERROR(S)
