C51 COMPILER V9.00   沿墙走                                                                08/16/2019 19:06:27 PAGE 1   


C51 COMPILER V9.00, COMPILATION OF MODULE 沿墙走
OBJECT MODULE PLACED IN 沿墙走.OBJ
COMPILER INVOKED BY: E:\Keil\C51\BIN\C51.EXE 沿墙走.c BROWSE DEBUG OBJECTEXTEND

line level    source

   1          #include<reg51.h>    //包含单片机寄存器的头文件
   2          #include <I2C.H>
   3          #include<duoji.h>
   4          #include<AD.h>
*** ERROR C231 IN LINE 13 OF E:\KEIL\C51\INC\REG52.H: 'P0': redefinition
*** ERROR C231 IN LINE 14 OF E:\KEIL\C51\INC\REG52.H: 'P1': redefinition
*** ERROR C231 IN LINE 15 OF E:\KEIL\C51\INC\REG52.H: 'P2': redefinition
*** ERROR C231 IN LINE 16 OF E:\KEIL\C51\INC\REG52.H: 'P3': redefinition
*** ERROR C231 IN LINE 17 OF E:\KEIL\C51\INC\REG52.H: 'PSW': redefinition
*** ERROR C231 IN LINE 18 OF E:\KEIL\C51\INC\REG52.H: 'ACC': redefinition
*** ERROR C231 IN LINE 19 OF E:\KEIL\C51\INC\REG52.H: 'B': redefinition
*** ERROR C231 IN LINE 20 OF E:\KEIL\C51\INC\REG52.H: 'SP': redefinition
*** ERROR C231 IN LINE 21 OF E:\KEIL\C51\INC\REG52.H: 'DPL': redefinition
*** ERROR C231 IN LINE 22 OF E:\KEIL\C51\INC\REG52.H: 'DPH': redefinition
*** ERROR C231 IN LINE 23 OF E:\KEIL\C51\INC\REG52.H: 'PCON': redefinition
*** ERROR C231 IN LINE 24 OF E:\KEIL\C51\INC\REG52.H: 'TCON': redefinition
*** ERROR C231 IN LINE 25 OF E:\KEIL\C51\INC\REG52.H: 'TMOD': redefinition
*** ERROR C231 IN LINE 26 OF E:\KEIL\C51\INC\REG52.H: 'TL0': redefinition
*** ERROR C231 IN LINE 27 OF E:\KEIL\C51\INC\REG52.H: 'TL1': redefinition
*** ERROR C231 IN LINE 28 OF E:\KEIL\C51\INC\REG52.H: 'TH0': redefinition
*** ERROR C231 IN LINE 29 OF E:\KEIL\C51\INC\REG52.H: 'TH1': redefinition
*** ERROR C231 IN LINE 30 OF E:\KEIL\C51\INC\REG52.H: 'IE': redefinition
*** ERROR C231 IN LINE 31 OF E:\KEIL\C51\INC\REG52.H: 'IP': redefinition
*** ERROR C231 IN LINE 32 OF E:\KEIL\C51\INC\REG52.H: 'SCON': redefinition
*** ERROR C231 IN LINE 33 OF E:\KEIL\C51\INC\REG52.H: 'SBUF': redefinition
*** ERROR C231 IN LINE 45 OF E:\KEIL\C51\INC\REG52.H: 'CY': redefinition
*** ERROR C231 IN LINE 46 OF E:\KEIL\C51\INC\REG52.H: 'AC': redefinition
*** ERROR C231 IN LINE 47 OF E:\KEIL\C51\INC\REG52.H: 'F0': redefinition
*** ERROR C231 IN LINE 48 OF E:\KEIL\C51\INC\REG52.H: 'RS1': redefinition
*** ERROR C231 IN LINE 49 OF E:\KEIL\C51\INC\REG52.H: 'RS0': redefinition
*** ERROR C231 IN LINE 50 OF E:\KEIL\C51\INC\REG52.H: 'OV': redefinition
*** ERROR C231 IN LINE 51 OF E:\KEIL\C51\INC\REG52.H: 'P': redefinition
*** ERROR C231 IN LINE 54 OF E:\KEIL\C51\INC\REG52.H: 'TF1': redefinition
*** ERROR C231 IN LINE 55 OF E:\KEIL\C51\INC\REG52.H: 'TR1': redefinition
*** ERROR C231 IN LINE 56 OF E:\KEIL\C51\INC\REG52.H: 'TF0': redefinition
*** ERROR C231 IN LINE 57 OF E:\KEIL\C51\INC\REG52.H: 'TR0': redefinition
*** ERROR C231 IN LINE 58 OF E:\KEIL\C51\INC\REG52.H: 'IE1': redefinition
*** ERROR C231 IN LINE 59 OF E:\KEIL\C51\INC\REG52.H: 'IT1': redefinition
*** ERROR C231 IN LINE 60 OF E:\KEIL\C51\INC\REG52.H: 'IE0': redefinition
*** ERROR C231 IN LINE 61 OF E:\KEIL\C51\INC\REG52.H: 'IT0': redefinition
*** ERROR C231 IN LINE 64 OF E:\KEIL\C51\INC\REG52.H: 'EA': redefinition
*** ERROR C231 IN LINE 66 OF E:\KEIL\C51\INC\REG52.H: 'ES': redefinition
*** ERROR C231 IN LINE 67 OF E:\KEIL\C51\INC\REG52.H: 'ET1': redefinition
*** ERROR C231 IN LINE 68 OF E:\KEIL\C51\INC\REG52.H: 'EX1': redefinition
*** ERROR C231 IN LINE 69 OF E:\KEIL\C51\INC\REG52.H: 'ET0': redefinition
*** ERROR C231 IN LINE 70 OF E:\KEIL\C51\INC\REG52.H: 'EX0': redefinition
*** ERROR C231 IN LINE 74 OF E:\KEIL\C51\INC\REG52.H: 'PS': redefinition
*** ERROR C231 IN LINE 75 OF E:\KEIL\C51\INC\REG52.H: 'PT1': redefinition
*** ERROR C231 IN LINE 76 OF E:\KEIL\C51\INC\REG52.H: 'PX1': redefinition
*** ERROR C231 IN LINE 77 OF E:\KEIL\C51\INC\REG52.H: 'PT0': redefinition
*** ERROR C231 IN LINE 78 OF E:\KEIL\C51\INC\REG52.H: 'PX0': redefinition
*** ERROR C231 IN LINE 81 OF E:\KEIL\C51\INC\REG52.H: 'RD': redefinition
*** ERROR C231 IN LINE 82 OF E:\KEIL\C51\INC\REG52.H: 'WR': redefinition
*** ERROR C231 IN LINE 83 OF E:\KEIL\C51\INC\REG52.H: 'T1': redefinition
*** ERROR C231 IN LINE 84 OF E:\KEIL\C51\INC\REG52.H: 'T0': redefinition
C51 COMPILER V9.00   沿墙走                                                                08/16/2019 19:06:27 PAGE 2   

*** ERROR C231 IN LINE 85 OF E:\KEIL\C51\INC\REG52.H: 'INT1': redefinition
*** ERROR C231 IN LINE 86 OF E:\KEIL\C51\INC\REG52.H: 'INT0': redefinition
*** ERROR C231 IN LINE 87 OF E:\KEIL\C51\INC\REG52.H: 'TXD': redefinition
*** ERROR C231 IN LINE 88 OF E:\KEIL\C51\INC\REG52.H: 'RXD': redefinition
*** ERROR C231 IN LINE 91 OF E:\KEIL\C51\INC\REG52.H: 'SM0': redefinition
*** ERROR C231 IN LINE 92 OF E:\KEIL\C51\INC\REG52.H: 'SM1': redefinition
*** ERROR C231 IN LINE 93 OF E:\KEIL\C51\INC\REG52.H: 'SM2': redefinition
*** ERROR C231 IN LINE 94 OF E:\KEIL\C51\INC\REG52.H: 'REN': redefinition
*** ERROR C231 IN LINE 95 OF E:\KEIL\C51\INC\REG52.H: 'TB8': redefinition
*** ERROR C231 IN LINE 96 OF E:\KEIL\C51\INC\REG52.H: 'RB8': redefinition
*** ERROR C231 IN LINE 97 OF E:\KEIL\C51\INC\REG52.H: 'TI': redefinition
*** ERROR C231 IN LINE 98 OF E:\KEIL\C51\INC\REG52.H: 'RI': redefinition
   5          #include<chaoshengbo.h>
   6          
   7          void main()
   8          {  
   9   1              Initial_com();   //*****串口初始化函数***********
  10   1              init_9600();   /*超声波的定义*/
  11   1              T0_INIT();
  12   1              INT1_INIT();
  13   1              trig = 0;
  14   1              
  15   1              while(1)
  16   1              {  
  17   2                      AD ();/********AD-DA处理*************/                  
  18   2                 if(++AD_CHANNEL>4) AD_CHANNEL=0;
  19   2      
  20   2                 if(D[0]<0x2D||D[1]<0x2D) break;                                /*  跳出循环   */
  21   2                      if(D[0]>0x2D)    /*  刚开始只有右边沿墙，控制在中间范围   */
  22   2                      {
  23   3      
  24   3                              if(D[0]<0x53)                    /*  要调控好范围、和循环次数   */
  25   3                              {
  26   4                                       R_F(1);                        /******     舵机  ************/
  27   4                              }
  28   3                              else if(D[0]>0x4F)
  29   3                              {
  30   4                                       L_F(1);
  31   4                              }
  32   3                              else Forward(1,200);
  33   3                      }
  34   2                      else if(D[0]<0x2D&&D[1]>0x40)                    /*  沿左边墙走完   */
  35   2                      {       
  36   3                              
  37   3                               if(D[1]<0x53)                   /*  要调控好范围、和循环次数   */
  38   3                              {
  39   4                                       L_F(1);
  40   4                              }
  41   3                              else if(D[1]>0x4F)
  42   3                              {
  43   4                                       R_F(1);
  44   4                              }
  45   3                              else Forward(1,200);
  46   3                                      
  47   3                      }       
  48   2              }
  49   1      
  50   1              Right(36,200);                           /*  右转90°  */
  51   1              Forward(100,200);
  52   1                      while(1)
  53   1              {  
  54   2                      AD ();/********AD-DA处理*************/                  
C51 COMPILER V9.00   沿墙走                                                                08/16/2019 19:06:27 PAGE 3   

  55   2                      if(++AD_CHANNEL>4) AD_CHANNEL=0;
  56   2      
  57   2                      if(CSB()<=122) break;                             /*  跳出循环   */
  58   2                      if(D[1]>0x40)                    /*  沿左边墙走   */
  59   2                      {       
  60   3                               if(D[1]<0x53)                   /*  范围小了会出现在范围区，太大容易歪   */
  61   3                              {
  62   4                                       L_F(1);
  63   4                              }
  64   3                              else if(D[1]>0x4F)
  65   3                              {
  66   4                                       R_F(1);
  67   4                              }
  68   3                              else Forward(1,200);
  69   3                                              /*超声波*/      
  70   3                      }       
  71   2              }
  72   1              Right(36,200);  /*  右转90°  */
  73   1      }

C51 COMPILATION COMPLETE.  0 WARNING(S),  63 ERROR(S)
