C51 COMPILER V9.00   FAN                                                                   08/31/2019 12:10:11 PAGE 1   


C51 COMPILER V9.00, COMPILATION OF MODULE FAN
OBJECT MODULE PLACED IN fan.OBJ
COMPILER INVOKED BY: C:\Keil\C51\BIN\C51.EXE fan.c BROWSE DEBUG OBJECTEXTEND

line level    source

   1          #include <reg51.H>
   2          #include<duoji.h>
   3          #include<fan.h>
   4          #define uint unsigned int //宏定义uint 为unsigned int类型
   5          #define uchar unsigned char //宏定义uchar 为unsigned char 类型
   6          
   7          void main()
   8          {
   9   1               SIG=0;                 //先让电机静止
  10   1              
  11   1      
  12   1      }


MODULE INFORMATION:   STATIC OVERLAYABLE
   CODE SIZE        =    623    ----
   CONSTANT SIZE    =   ----    ----
   XDATA SIZE       =   ----    ----
   PDATA SIZE       =   ----    ----
   DATA SIZE        =   ----      32
   IDATA SIZE       =   ----    ----
   BIT SIZE         =   ----    ----
END OF MODULE INFORMATION.


C51 COMPILATION COMPLETE.  0 WARNING(S),  0 ERROR(S)
