C51 COMPILER V9.00   MOVE                                                                  08/24/2019 15:41:19 PAGE 1   


C51 COMPILER V9.00, COMPILATION OF MODULE MOVE
OBJECT MODULE PLACED IN move.OBJ
COMPILER INVOKED BY: C:\Keil\C51\BIN\C51.EXE move.c BROWSE DEBUG OBJECTEXTEND

line level    source

   1          #include<reg51.h> 
   2          #include<zhixian.h>
   3          #define uint unsigned int //宏定义uint 为unsigned int类型
   4          
   5          //主函数
   6          void main(void)
   7          {       
   8   1              
   9   1              uint x=0x2D,a=0x35,Exit=0x35; 
  10   1              //Initial_com();
  11   1              a=DLZS();
  12   1              while((Exit>x)&&(a>x))
  13   1              {
  14   2                      LZ(&Exit,a);
  15   2                      //send_char(Exit);
  16   2              }
  17   1              while(1);
  18   1      
  19   1      //      F_L(100);
  20   1      //      F_R(100);
  21   1      }
*** WARNING C291 IN LINE 43 OF MOVE.C: not every exit path returns a value


MODULE INFORMATION:   STATIC OVERLAYABLE
   CODE SIZE        =   2496    ----
   CONSTANT SIZE    =     50    ----
   XDATA SIZE       =   ----    ----
   PDATA SIZE       =   ----    ----
   DATA SIZE        =     15     106
   IDATA SIZE       =   ----      44
   BIT SIZE         =      1       1
END OF MODULE INFORMATION.


C51 COMPILATION COMPLETE.  1 WARNING(S),  0 ERROR(S)
