C51 COMPILER V9.00   XUNXIAN                                                               07/18/2019 14:52:35 PAGE 1   


C51 COMPILER V9.00, COMPILATION OF MODULE XUNXIAN
OBJECT MODULE PLACED IN xunxian.OBJ
COMPILER INVOKED BY: E:\Keil\C51\BIN\C51.EXE xunxian.c BROWSE DEBUG OBJECTEXTEND

line level    source

   1          #include<REGX51.H>
   2          sbit SIG1=P1^4; //定义信号接收引脚
   3          sbit SIG2=P1^5; //定义信号接收引脚
   4          
   5          void main()
   6          {
   7   1              SIG1=1;
   8   1              SIG2=1;
   9   1              while(1)
  10   1              {
  11   2                      if(SIG1==1)//QTI传感器1检测到黑色边界
  12   2                      {
  13   3                              //当QTI传感器1检测到黑色边界时对应的的操作
  14   3                          }
  15   2                              else if(SIG1==0) //QTI传感器1检测到白色边界
  16   2      {
  17   3      //当QTI传感器1检测到白色边界时对应的的操作
  18   3      }
  19   2      
  20   2      if(SIG2==1)//QTI传感器2检测到黑色边界
  21   2                      {
  22   3                              //当QTI传感器2检测到黑色边界时对应的的操作
  23   3                          }
  24   2                              else if(SIG2==0) //QTI传感器2检测到白色边界
  25   2      {
  26   3      //当QTI传感器2检测到白色边界时对应的的操作
  27   3      }
  28   2      
  29   2                }
  30   1      }


MODULE INFORMATION:   STATIC OVERLAYABLE
   CODE SIZE        =     12    ----
   CONSTANT SIZE    =   ----    ----
   XDATA SIZE       =   ----    ----
   PDATA SIZE       =   ----    ----
   DATA SIZE        =   ----    ----
   IDATA SIZE       =   ----    ----
   BIT SIZE         =   ----    ----
END OF MODULE INFORMATION.


C51 COMPILATION COMPLETE.  0 WARNING(S),  0 ERROR(S)
