C51 COMPILER V9.00   _±×ß4                                                                 08/20/2019 08:38:09 PAGE 1   


C51 COMPILER V9.00, COMPILATION OF MODULE _±×ß4
OBJECT MODULE PLACED IN Ö±×ß4.OBJ
COMPILER INVOKED BY: E:\Keil\C51\BIN\C51.EXE Ö±×ß4.c BROWSE DEBUG OBJECTEXTEND

line level    source

   1          #include<reg51.h> 
   2          #include <AD.H>
   3          #include<duoji.h>
   4          #include<zhixian.h>
   5          #define uint unsigned int //ºê¶¨Òåuint Îªunsigned intÀàÐÍ
   6          
   7          uint a;
   8          void main()        //¶ÁÈ¡Ò»¸ö¾àÀëÖµ£¬ÒÔËüÎª»ù×¼×ßÖ±ÏßµÄº¯Êý
   9          {  
  10   1              a=DRZS();
  11   1              while(1)
  12   1              {  
  13   2                      RZ(a);     //¸ù¾ÝÓÒ±ßºìÍâ²â¾àÎ¢µ÷×ßÖ±Ïß
  14   2              }
  15   1      }
*** WARNING C291 IN LINE 39 OF Ö±×ß4.C: not every exit path returns a value


MODULE INFORMATION:   STATIC OVERLAYABLE
   CODE SIZE        =   1349    ----
   CONSTANT SIZE    =     30    ----
   XDATA SIZE       =   ----    ----
   PDATA SIZE       =   ----    ----
   DATA SIZE        =      3      94
   IDATA SIZE       =   ----    ----
   BIT SIZE         =      1       1
END OF MODULE INFORMATION.


C51 COMPILATION COMPLETE.  1 WARNING(S),  0 ERROR(S)
