C51 COMPILER V9.00   FAN                                                                   09/07/2019 19:09:39 PAGE 1   


C51 COMPILER V9.00, COMPILATION OF MODULE FAN
OBJECT MODULE PLACED IN fan.OBJ
COMPILER INVOKED BY: C:\Keil\C51\BIN\C51.EXE fan.c BROWSE DEBUG OBJECTEXTEND

line level    source

   1          #include <reg51.H>
   2          #include<duoji.h>
   3          #include<fan.h>
   4          #define uint unsigned int //宏定义uint 为unsigned int类型
   5          #define uchar unsigned char //宏定义uchar 为unsigned char 类型
   6          
   7          void main()
   8          {        while(1)
   9   1               SIG=0;                 //先让电机静止
  10   1      //       SIG1=1;
  11   1      //       SIG2=1;
  12   1      //      while(1)
  13   1      //      {
  14   1      //              if((SIG1==0)&&(SIG2==0))//左右火焰传感器检测都检测到火焰                
  15   1      //               {
  16   1      //                      SIG =0;                  //设置控制端口为低电平，电机运转起来
  17   1      //                      Left(25,200);
  18   1      //               }
  19   1      //              else
  20   1      //              SIG=1;                      
  21   1      //      }
  22   1      
  23   1      }


MODULE INFORMATION:   STATIC OVERLAYABLE
   CODE SIZE        =    642    ----
   CONSTANT SIZE    =   ----    ----
   XDATA SIZE       =   ----    ----
   PDATA SIZE       =   ----    ----
   DATA SIZE        =   ----      32
   IDATA SIZE       =   ----    ----
   BIT SIZE         =   ----    ----
END OF MODULE INFORMATION.


C51 COMPILATION COMPLETE.  0 WARNING(S),  0 ERROR(S)
