C51 COMPILER V9.00   沿墙走                                                                08/24/2019 10:05:40 PAGE 1   


C51 COMPILER V9.00, COMPILATION OF MODULE 沿墙走
OBJECT MODULE PLACED IN 沿墙走.OBJ
COMPILER INVOKED BY: C:\Keil\C51\BIN\C51.EXE 沿墙走.c BROWSE DEBUG OBJECTEXTEND

line level    source

   1          #include<reg51.h>    //包含单片机寄存器的头文件
   2          #include<zhixian.h>
   3          
   4          void main()
   5          {       
   6   1              uint x=0x28;     /* x是沿墙走跳出循环的距离 */
   7   1      //      SIG=1;                  //先让电机静止
   8   1      //      SIG1=1;
   9   1      //      SIG2=1;
  10   1              T0_INIT();              /*超声波的定义*/
  11   1              INT1_INIT();
  12   1              trig = 0;
  13   1              
  14   1              YRQ(&x);                          // 沿右墙走循环函数
  15   1              Forward(48,200);
  16   1              Right(35,200);          
  17   1              while(DRZS()<0x30||DLZS()<0x30)                 //直走直到右边感应到墙，考虑上微偏距离
  18   1              Forward(3,200);
  19   1      
  20   1              x=163;                          /* 房间第一个角落的墙 */
  21   1              YLC(x); 
  22   1              Right(35,200);
  23   1              YLC(x);                         /* 房间第二个角落的墙 */
  24   1              Right(35,200);
  25   1      
  26   1              x=145;                          /* 房间第三个角落的墙 */
  27   1              YLC(x);
  28   1              Right(33,200);                           // 145 ??
  29   1              YLC(x);                         /* 房间第四个角落的墙 */
  30   1              Right(35,200);
  31   1      
  32   1              YLC(x);
  33   1              Left(35,200);
  34   1              YRC(x);
  35   1              Left(35,200);
  36   1              YRQ(x);
*** ERROR C214 IN LINE 36 OF 沿墙走.C: illegal pointer conversion
  37   1              while(1);
  38   1      }

C51 COMPILATION COMPLETE.  0 WARNING(S),  1 ERROR(S)
