C51 COMPILER V9.00   灭火2                                                                 09/01/2019 11:33:42 PAGE 1   


C51 COMPILER V9.00, COMPILATION OF MODULE 灭火2
OBJECT MODULE PLACED IN 灭火2.OBJ
COMPILER INVOKED BY: C:\Keil\C51\BIN\C51.EXE 灭火2.c BROWSE DEBUG OBJECTEXTEND

line level    source

   1          #include<reg51.h>    //包含单片机寄存器的头文件
   2          #include<zhixian.h>
   3          #include<miehuo.h>
   4          #define uint unsigned int //宏定义uint 为unsigned int类型
   5          
   6          void main()
   7          {       //初始化
   8   1              T0_INIT();
   9   1              INT1_INIT();
  10   1              trig = 0;
  11   1              SIG=1;                  //风扇电机静止
  12   1              SIG1=1;         //火焰传感器
  13   1              SIG2=1;
  14   1              SIG4=1;         //灰度
  15   1              SIG5=1;
  16   1      
  17   1              while(1)        //要加while传感器才会开始读取
  18   1              {
  19   2      
  20   2                      if((SIG1==0)&&(SIG2==0))        //第一个角落前进灭火并回家(最后是死循环)
  21   2                      OF1J();                          
  22   2                      else
  23   2                      {
  24   3                              Left(8,200);
  25   3                              if((SIG1==0)&&(SIG2==0))
  26   3                              {       
  27   4                                      Right(9,200);                   /* 7 ！ */
  28   4                                      OF1J();
  29   4                              }
  30   3                              else
  31   3                              {       //第二个角落
  32   4                                      Right(17,200);                          /* 7 ！ + 19 ！ */
  33   4                                      if((SIG1==0)&&(SIG2==0))        
  34   4                                      {
  35   5                                              Left(10,200);
  36   5                                              OF2J();
  37   5                                      }
  38   4                                      else
  39   4                                      {       //进第三个角落
  40   5                                              Right(25,200);                          /* 20 ！ */
  41   5                                              if((SIG1==0)&&(SIG2==0))    
  42   5                                              OF3J();
  43   5                                              else //都没检测到火焰，进入下一个房间
  44   5                                              Right(33,200);
  45   5                                              
  46   5                                              while(1);
  47   5                                      }
  48   4                              }
  49   3                      }
  50   2                      while(1) Keep();                        
  51   2              }       
  52   1      }
*** WARNING C291 IN LINE 43 OF 灭火2.C: not every exit path returns a value


C51 COMPILER V9.00   灭火2                                                                 09/01/2019 11:33:42 PAGE 2   

MODULE INFORMATION:   STATIC OVERLAYABLE
   CODE SIZE        =   4042    ----
   CONSTANT SIZE    =    161    ----
   XDATA SIZE       =   ----    ----
   PDATA SIZE       =   ----    ----
   DATA SIZE        =     15      81
   IDATA SIZE       =   ----     186
   BIT SIZE         =      1       1
END OF MODULE INFORMATION.


C51 COMPILATION COMPLETE.  1 WARNING(S),  0 ERROR(S)
