C51 COMPILER V9.00   ³¬É_²¨                                                                08/22/2019 18:04:02 PAGE 1   


C51 COMPILER V9.00, COMPILATION OF MODULE ³¬É_²¨
OBJECT MODULE PLACED IN ³¬Éù²¨.OBJ
COMPILER INVOKED BY: C:\Keil\C51\BIN\C51.EXE ³¬Éù²¨.c BROWSE DEBUG OBJECTEXTEND

line level    source

   1          #include<reg51.h>
   2          #include<zhixian.h>
   3          #define uint unsigned int
   4          
   5          void main()
   6          {       
   7   1              uint x=163;
   8   1              T0_INIT();
   9   1              INT1_INIT();
  10   1              trig = 0;
  11   1              YLC(x);
  12   1      }
*** WARNING C291 IN LINE 43 OF ³¬Éù²¨.C: not every exit path returns a value


MODULE INFORMATION:   STATIC OVERLAYABLE
   CODE SIZE        =   2335    ----
   CONSTANT SIZE    =     50    ----
   XDATA SIZE       =   ----    ----
   PDATA SIZE       =   ----    ----
   DATA SIZE        =     15      96
   IDATA SIZE       =   ----      44
   BIT SIZE         =      1       1
END OF MODULE INFORMATION.


C51 COMPILATION COMPLETE.  1 WARNING(S),  0 ERROR(S)
