C51 COMPILER V9.00   MOVE                                                                  09/12/2019 21:16:56 PAGE 1   


C51 COMPILER V9.00, COMPILATION OF MODULE MOVE
OBJECT MODULE PLACED IN move.OBJ
COMPILER INVOKED BY: C:\Keil\C51\BIN\C51.EXE move.c BROWSE DEBUG OBJECTEXTEND

line level    source

   1          #include<reg51.h> 
   2          #include<zhixian.h>
   3          //#include<chaoshengbo.h>
   4          //#include<fan.h>
   5          //#include<luxian.h>
   6          #define uint unsigned int //宏定义uint 为unsigned int类型
   7          
   8          //主函数
   9          void main()
  10          {       
  11   1              
  12   1              while(1) F_R(200);
  13   1      }
*** WARNING C291 IN LINE 43 OF MOVE.C: not every exit path returns a value


MODULE INFORMATION:   STATIC OVERLAYABLE
   CODE SIZE        =   3813    ----
   CONSTANT SIZE    =     61    ----
   XDATA SIZE       =   ----    ----
   PDATA SIZE       =   ----    ----
   DATA SIZE        =     15      81
   IDATA SIZE       =   ----     102
   BIT SIZE         =      1       1
END OF MODULE INFORMATION.


C51 COMPILATION COMPLETE.  1 WARNING(S),  0 ERROR(S)
