C51 COMPILER V9.00   串口调试                                                              08/09/2019 17:22:28 PAGE 1   


C51 COMPILER V9.00, COMPILATION OF MODULE 串口调试
OBJECT MODULE PLACED IN 串口调试.OBJ
COMPILER INVOKED BY: E:\Keil\C51\BIN\C51.EXE 串口调试.c BROWSE DEBUG OBJECTEXTEND

line level    source

   1          #include<uart.h>//包含头文件uart.h
   2          int main(void)
   3          {
   4   1              int i;//定义变量i
   5   1              uart_Init();//串口初始化
   6   1              i = 36*29;//i=7乘11
   7   1              printf("What's 36 X 29 ?\n");//打印What's 7 X 11?
   8   1              printf("The fucking answer is : %d\n\n",i);//打印i的结果
   9   1              while(1);//程序等待
  10   1      }


MODULE INFORMATION:   STATIC OVERLAYABLE
   CODE SIZE        =    231    ----
   CONSTANT SIZE    =     47    ----
   XDATA SIZE       =   ----    ----
   PDATA SIZE       =   ----    ----
   DATA SIZE        =      4       2
   IDATA SIZE       =     16    ----
   BIT SIZE         =      2    ----
END OF MODULE INFORMATION.


C51 COMPILATION COMPLETE.  0 WARNING(S),  0 ERROR(S)
