C51 COMPILER V9.00   CHAOSHENBO                                                            08/22/2019 17:50:44 PAGE 1   


C51 COMPILER V9.00, COMPILATION OF MODULE CHAOSHENBO
OBJECT MODULE PLACED IN chaoshenbo.OBJ
COMPILER INVOKED BY: C:\Keil\C51\BIN\C51.EXE chaoshenbo.c BROWSE DEBUG OBJECTEXTEND

line level    source

   1          #include<reg51.h>  //包含51单片机寄存器定义的头文件
   2          #include "intrins.h"
   3          #include<duoji.h>
   4          #define uint unsigned int 
   5          #define uchar unsigned char 
   6          
   7          #define true  1 
   8          #define false 0 
   9          
  10          sbit trig=P3^2;//触发端口
  11          sbit echo=P3^3;//信号接收端口
  12          sbit tes = P1^0;//测试端口
  13          
  14          
  15          uchar time_h,time_l;//时间值
  16          uchar distance_h,distance_l;//距离值
  17          uint time,distance;//时间总值，距离总值
  18          uint d;
  19          uchar d0,d1,d2,d3;
  20          //串口初始化
  21          void init_9600(void)
  22          {
  23   1                      TMOD = 0x20;                    
  24   1                      TH1 = 0xFD;             
  25   1                      TL1 = 0xFD;
  26   1                      SCON = 0x50;                    
  27   1                      PCON &= 0xef;           
  28   1                      TR1 = 1;                                
  29   1              
  30   1                      IE = 0x0;               
  31   1      
  32   1      }
  33          //发送一个字节
  34          
  35          
  36          void send_char(unsigned char txd)
  37          {
  38   1                      SBUF = txd;
  39   1                      while(!TI);                     
  40   1                      TI = 0;                                 
  41   1      }
  42          void send_one_byte_to_char(unsigned char ch)
  43          {
  44   1              if ((ch & 0xf0) > 0x90)
  45   1              {
  46   2                      send_char(((ch>>4)&0x0f) + 'A'-0x0a);
  47   2              }
  48   1              else
  49   1              {
  50   2                      send_char(((ch>>4)&0x0f) + '0'-0x00);
  51   2              }
  52   1              if ((ch & 0x0f) > 0x09)
  53   1              {
  54   2                      send_char((ch&0x0f) + 'A'-0x0a);
  55   2              }
C51 COMPILER V9.00   CHAOSHENBO                                                            08/22/2019 17:50:44 PAGE 2   

  56   1              else
  57   1              {
  58   2                      send_char((ch&0x0f) + '0'-0x00);
  59   2              }
  60   1      }
  61          void send_two_byte_to_char(unsigned int ch)
  62          {
  63   1              //3
  64   1              if ((ch & 0xf000) > 0x9000)
  65   1              {
  66   2                      send_char(((ch>>12)&0x000f) + 'A'-0x0a);
  67   2              }
  68   1              else
  69   1              {
  70   2                      send_char(((ch>>12)&0x000f) + '0'-0x00);
  71   2              }
  72   1              //2
  73   1              if ((ch & 0x0f00) > 0x0900)
  74   1              {
  75   2                      send_char(((ch>>8)&0x000f) + 'A'-0x0a);
  76   2              }
  77   1              else
  78   1              {
  79   2                      send_char(((ch>>8)&0x000f) + '0'-0x00);
  80   2              }
  81   1              //1
  82   1              if ((ch & 0x00f0) > 0x0090)
  83   1              {
  84   2                      send_char(((ch>>4)&0x000f) + 'A'-0x0a);
  85   2              }
  86   1              else
  87   1              {
  88   2                      send_char(((ch>>4)&0x000f) + '0'-0x00);
  89   2              }
  90   1              //0
  91   1              if ((ch & 0x000f) > 0x0009)
  92   1              {
  93   2                      send_char((ch&0x000f) + 'A'-0x0a);
  94   2              }
  95   1              else
  96   1              {
  97   2                      send_char((ch&0x000f) + '0'-0x00);
  98   2              }
  99   1      }
 100          void send_four_byte_to_char(uchar a,uchar b,uchar c,uchar d)
 101          {
 102   1                      send_char(a+'0'-0x00);
 103   1                      send_char(b+'0'-0x00);
 104   1                      send_char(c+'0'-0x00);
 105   1                      send_char(d+'0'-0x00);
 106   1      }
 107          void send_string(char *p)
 108          {
 109   1              char *pchar;
 110   1      
 111   1              pchar = p;
 112   1              while (*pchar != '\0')
 113   1              {
 114   2                      send_char(*pchar++);            
 115   2              }
 116   1      }
 117          //定时器0初始化
C51 COMPILER V9.00   CHAOSHENBO                                                            08/22/2019 17:50:44 PAGE 3   

 118          void T0_INIT(void)
 119          {
 120   1                      TMOD &= 0xF0; /* Timer 0 mode 1 with software gate */ 
 121   1                      TMOD |= 0x01; /* GATE0=0; C/T0#=0; M10=0; M00=1; */ 
 122   1                      TH0 = 0x00; /* init values */ 
 123   1                      TL0 = 0x00; 
 124   1                      ET0=1; /* enable timer0 interrupt */ 
 125   1                      //EA=1; /* enable interrupts */ 
 126   1                      //TR0=1; /* timer0 run */
 127   1      }
 128          //外部中断1初始化
 129          void INT1_INIT(void)
 130          {
 131   1              IT1=1;//负跳变中断产生
 132   1              EX1=1;//启动外部1中断
 133   1              //EA=1;
 134   1      }
 135          
 136          //延时函数1毫秒
 137          void delay1ms()
 138          {
 139   1         unsigned char i,j;   
 140   1               for(i=0;i<10;i++)
 141   1                for(j=0;j<33;j++)
 142   1                 ;             
 143   1       }
 144          //延时函数，n毫秒
 145           void delaynms(unsigned int n)
 146           {
 147   1         unsigned int i;
 148   1              for(i=0;i<n;i++)
 149   1                 delay1ms();
 150   1       }
 151          //主函数
 152          void main(void)
 153          {
 154   1                      T0_INIT();
 155   1                      INT1_INIT();
 156   1                      trig = 0;
 157   1                      //tes=0;
 158   1                      //EA = 1;
 159   1                      while(1)
 160   1                      {               
 161   2                                      TH0 = 0x00; 
 162   2                                      TL0 = 0x00; 
 163   2                                      trig = 1;
 164   2                                      _nop_();
 165   2                                      _nop_();
 166   2                                      _nop_();
 167   2                                      _nop_();
 168   2                                      _nop_();
 169   2                                      _nop_();
 170   2                                      _nop_();
 171   2                                      _nop_();
 172   2                                      _nop_();
 173   2                                      _nop_();
 174   2                                      _nop_();
 175   2                                      _nop_();
 176   2                                      _nop_();
 177   2                                      _nop_();
 178   2                                      _nop_();
 179   2                                      trig = 0;
C51 COMPILER V9.00   CHAOSHENBO                                                            08/22/2019 17:50:44 PAGE 4   

 180   2                              
 181   2                                      while(0 == echo);
 182   2                                      TR0=1;
 183   2                                      while(1 == echo);
 184   2                                      TR0=0;
 185   2                                      time_h = TH0;
 186   2                                      time_l = TL0;
 187   2                                      //send_char(time_h);
 188   2                                      //send_char(time_l);
 189   2                                      time = time_h*256+time_l;
 190   2                                      distance =(int)(time*0.17);
 191   2                                      //以下增加对舵机的控制，可通过超声波测得的距离来判断行走与否
 192   2                                      while(distance<=200)
 193   2                                      {
 194   3                                              Forward(1,200);break;
 195   3                                      }
 196   2              
 197   2                      }       
 198   1      }
 199          //外部中断1中断服务函数
 200          void it_INT1(void) interrupt 2 
 201          { 
 202   1              IE1 = 0; 
 203   1      }
 204          //定时器0中断服务函数
 205          void it_timer0(void) interrupt 1 
 206          { 
 207   1              TF0 = 0; 
 208   1      }


MODULE INFORMATION:   STATIC OVERLAYABLE
   CODE SIZE        =    821    ----
   CONSTANT SIZE    =   ----    ----
   XDATA SIZE       =   ----    ----
   PDATA SIZE       =   ----    ----
   DATA SIZE        =     14      27
   IDATA SIZE       =   ----    ----
   BIT SIZE         =   ----    ----
END OF MODULE INFORMATION.


C51 COMPILATION COMPLETE.  0 WARNING(S),  0 ERROR(S)
