C51 COMPILER V9.00   MOVE3                                                                 09/04/2019 15:23:14 PAGE 1   


C51 COMPILER V9.00, COMPILATION OF MODULE MOVE3
OBJECT MODULE PLACED IN move3.OBJ
COMPILER INVOKED BY: C:\Keil\C51\BIN\C51.EXE move3.c BROWSE DEBUG OBJECTEXTEND

line level    source

   1          #include<reg51.h>    //包含单片机寄存器的头文件
   2          #include<zhixian.h>
   3          #include<luxian.h>
   4          //#include<fan.h>
   5          #define uint unsigned int
   6          
   7          void main()
   8          {       
   9   1              T0_INIT();
  10   1              INT1_INIT();
  11   1              trig = 0;
  12   1              
  13   1              
  14   1              YRQ(0x2D);
  15   1              TwoFJF();
  16   1              while(1);       
  17   1      }
*** WARNING C291 IN LINE 43 OF MOVE3.C: not every exit path returns a value


MODULE INFORMATION:   STATIC OVERLAYABLE
   CODE SIZE        =   3693    ----
   CONSTANT SIZE    =     61    ----
   XDATA SIZE       =   ----    ----
   PDATA SIZE       =   ----    ----
   DATA SIZE        =     15      81
   IDATA SIZE       =   ----      86
   BIT SIZE         =      1       1
END OF MODULE INFORMATION.


C51 COMPILATION COMPLETE.  1 WARNING(S),  0 ERROR(S)
