C51 COMPILER V9.00   沿右墙                                                                08/20/2019 10:54:23 PAGE 1   


C51 COMPILER V9.00, COMPILATION OF MODULE 沿右墙
OBJECT MODULE PLACED IN 沿右墙.OBJ
COMPILER INVOKED BY: E:\Keil\C51\BIN\C51.EXE 沿右墙.c BROWSE DEBUG OBJECTEXTEND

line level    source

   1          #include<reg51.h> 
   2          #include<duoji.h>
   3          #include<AD.h>
   4          #include<zhixian.h>
   5          
   6          #define uint unsigned int //宏定义uint 为unsigned int类型
   7          
   8          uint a,b,E;
   9          
  10          void main()
  11          {  
  12   1              delay_nms(300);
  13   1              while(1)
  14   1              {
  15   2                      a=DRZS();                                       // 直走一段距离感知小车偏移状态
  16   2                      Forward(10,200);                        /** 看看能再改小一点吗？ */                      
  17   2                      b=DRZS();                                       
  18   2                      if(abs(b-a)<0x02)                       // 小偏状态比较纠正到平行（直走程序）  ------
  19   2                      {                                 /* 0x02可能要调 */
  20   3                      a=DRZS();
  21   3                      while(1)
  22   3                              {
  23   4                                      RZ(&E,a);
  24   4                                      //if(...) break;        
  25   4                              }
  26   3                      }
  27   2                      else if(abs(b-a)>=0x02)         /* 大偏状态,改正后进入下一次循环直走检测平行度 */
  28   2                      {
  29   3                              if(b>a)
  30   3                              {
  31   4                               Left(2,200);      /* PulseCount需要根据F[9]-F[0]差值调 */
  32   4                              }
  33   3                              else if(b<a)                    
  34   3                              {
  35   4                               Right(2,200);     /* PulseCount需要根据F[9]-F[0]差值调 */
  36   4                              }
  37   3                      } 
  38   2                      //if(...) break;   /* 不走直线了 */
  39   2              }          
  40   1      }
*** WARNING C291 IN LINE 39 OF 沿右墙.C: not every exit path returns a value


MODULE INFORMATION:   STATIC OVERLAYABLE
   CODE SIZE        =   1607    ----
   CONSTANT SIZE    =     50    ----
   XDATA SIZE       =   ----    ----
   PDATA SIZE       =   ----    ----
   DATA SIZE        =      7     116
   IDATA SIZE       =   ----    ----
   BIT SIZE         =      1       1
END OF MODULE INFORMATION.


C51 COMPILATION COMPLETE.  1 WARNING(S),  0 ERROR(S)
