C51 COMPILER V9.00   超_波_距串口打印                                                    09/17/2019 14:47:55 PAGE 1   


C51 COMPILER V9.00, COMPILATION OF MODULE 超_波_距串口打印
OBJECT MODULE PLACED IN 超声波测距串口打印.OBJ
COMPILER INVOKED BY: C:\Keil\C51\BIN\C51.EXE 超声波测距串口打印.c BROWSE DEBUG OBJECTEXTEND

line level    source

   1          #include<reg51.h>  //包含51单片机寄存器定义的头文件
   2          #include "intrins.h"
   3          #define uint unsigned int 
   4          #define uchar unsigned char 
   5          
   6          #define true  1 
   7          #define false 0 
   8          
   9          sbit trig=P1^4;//触发端口
  10          sbit echo=P1^5;//信号接收端口
  11          sbit tes = P1^0;//测试端口
  12          sbit P1_2 = P1^2;//舵机控制端口
  13          sbit P1_3 = P1^3;//舵机控制端口
  14          
  15          uchar time_h,time_l;//时间值
  16          uchar distance_h,distance_l;//距离值
  17          uint time,distance;//时间总值，距离总值
  18          uint d;
  19          uchar d0,d1,d2,d3;
  20          //串口初始化
  21          void init_9600(void)
  22          {
  23   1                      TMOD = 0x20;                    
  24   1                      TH1 = 0xFD;             
  25   1                      TL1 = 0xFD;
  26   1                      SCON = 0x50;                    
  27   1                      PCON &= 0xef;           
  28   1                      TR1 = 1;                                
  29   1              
  30   1                      IE = 0x0;               
  31   1      
  32   1      }
  33          //发送一个字节
  34          void send_char(unsigned char txd)
  35          {
  36   1                      SBUF = txd;
  37   1                      while(!TI);                     
  38   1                      TI = 0;                                 
  39   1      }
  40          void send_one_byte_to_char(unsigned char ch)
  41          {
  42   1              if ((ch & 0xf0) > 0x90)
  43   1              {
  44   2                      send_char(((ch>>4)&0x0f) + 'A'-0x0a);
  45   2              }
  46   1              else
  47   1              {
  48   2                      send_char(((ch>>4)&0x0f) + '0'-0x00);
  49   2              }
  50   1              if ((ch & 0x0f) > 0x09)
  51   1              {
  52   2                      send_char((ch&0x0f) + 'A'-0x0a);
  53   2              }
  54   1              else
  55   1              {
C51 COMPILER V9.00   超_波_距串口打印                                                    09/17/2019 14:47:55 PAGE 2   

  56   2                      send_char((ch&0x0f) + '0'-0x00);
  57   2              }
  58   1      }
  59          void send_two_byte_to_char(unsigned int ch)
  60          {
  61   1              //3
  62   1              if ((ch & 0xf000) > 0x9000)
  63   1              {
  64   2                      send_char(((ch>>12)&0x000f) + 'A'-0x0a);
  65   2              }
  66   1              else
  67   1              {
  68   2                      send_char(((ch>>12)&0x000f) + '0'-0x00);
  69   2              }
  70   1              //2
  71   1              if ((ch & 0x0f00) > 0x0900)
  72   1              {
  73   2                      send_char(((ch>>8)&0x000f) + 'A'-0x0a);
  74   2              }
  75   1              else
  76   1              {
  77   2                      send_char(((ch>>8)&0x000f) + '0'-0x00);
  78   2              }
  79   1              //1
  80   1              if ((ch & 0x00f0) > 0x0090)
  81   1              {
  82   2                      send_char(((ch>>4)&0x000f) + 'A'-0x0a);
  83   2              }
  84   1              else
  85   1              {
  86   2                      send_char(((ch>>4)&0x000f) + '0'-0x00);
  87   2              }
  88   1              //0
  89   1              if ((ch & 0x000f) > 0x0009)
  90   1              {
  91   2                      send_char((ch&0x000f) + 'A'-0x0a);
  92   2              }
  93   1              else
  94   1              {
  95   2                      send_char((ch&0x000f) + '0'-0x00);
  96   2              }
  97   1      }
  98          void send_four_byte_to_char(uchar a,uchar b,uchar c,uchar d)
  99          {
 100   1                      send_char(a+'0'-0x00);
 101   1                      send_char(b+'0'-0x00);
 102   1                      send_char(c+'0'-0x00);
 103   1                      send_char(d+'0'-0x00);
 104   1      }
 105          void send_string(char *p)
 106          {
 107   1              char *pchar;
 108   1      
 109   1              pchar = p;
 110   1              while (*pchar != '\0')
 111   1              {
 112   2                      send_char(*pchar++);            
 113   2              }
 114   1      }
 115          //定时器0初始化
 116          void T0_INIT(void)
 117          {
C51 COMPILER V9.00   超_波_距串口打印                                                    09/17/2019 14:47:55 PAGE 3   

 118   1                      TMOD &= 0xF0; /* Timer 0 mode 1 with software gate */ 
 119   1                      TMOD |= 0x01; /* GATE0=0; C/T0#=0; M10=0; M00=1; */ 
 120   1                      TH0 = 0x00; /* init values */ 
 121   1                      TL0 = 0x00; 
 122   1                      ET0=1; /* enable timer0 interrupt */ 
 123   1                      //EA=1; /* enable interrupts */ 
 124   1                      //TR0=1; /* timer0 run */
 125   1      }
 126          //外部中断1初始化
 127          void INT1_INIT(void)
 128          {
 129   1              IT1=1;//负跳变中断产生
 130   1              EX1=1;//启动外部1中断
 131   1              //EA=1;
 132   1      }
 133           void delay_nus(unsigned int i)  
 134          { 
 135   1        i=i/10;
 136   1        while(--i);
 137   1      }   
 138          void delay_nms(unsigned int n)  
 139          { 
 140   1        n=n+1;
 141   1        while(--n)  
 142   1        delay_nus(900);         
 143   1      }   
 144          //延时函数1毫秒
 145          void delay1ms()
 146          {
 147   1         unsigned char i,j;   
 148   1               for(i=0;i<10;i++)
 149   1                for(j=0;j<33;j++)
 150   1                 ;             
 151   1       }
 152          //延时函数，n毫秒
 153           void delaynms(unsigned int n)
 154           {
 155   1         unsigned int i;
 156   1              for(i=0;i<n;i++)
 157   1                 delay1ms();
 158   1       }
 159          //主函数
 160          void main(void)
 161          {
 162   1                      init_9600();
 163   1                      T0_INIT();
 164   1                      INT1_INIT();
 165   1                      trig = 0;
 166   1                      //tes=0;
 167   1                      //EA = 1;
 168   1                      delaynms(1000);
 169   1                      while(1)
 170   1                      {               
 171   2                                      TH0 = 0x00; 
 172   2                                      TL0 = 0x00; 
 173   2                                      trig = 1;
 174   2                                      _nop_();
 175   2                                      _nop_();
 176   2                                      _nop_();
 177   2                                      _nop_();
 178   2                                      _nop_();
 179   2                                      _nop_();
C51 COMPILER V9.00   超_波_距串口打印                                                    09/17/2019 14:47:55 PAGE 4   

 180   2                                      _nop_();
 181   2                                      _nop_();
 182   2                                      _nop_();
 183   2                                      _nop_();
 184   2                                      _nop_();
 185   2                                      _nop_();
 186   2                                      _nop_();
 187   2                                      _nop_();
 188   2                                      _nop_();
 189   2                                      trig = 0;
 190   2                              
 191   2                                      while(0 == echo);
 192   2                                      TR0=1;
 193   2                                      while(1 == echo);
 194   2                                      TR0=0;
 195   2                                      time_h = TH0;
 196   2                                      time_l = TL0;
 197   2                                      //send_char(time_h);
 198   2                                      //send_char(time_l);
 199   2                                      time = time_h*256+time_l;
 200   2                                      distance =(int)(time*0.17);
 201   2                                      d0 = distance%10;
 202   2                                      d  = distance/10;
 203   2                                      d1 = d%10;
 204   2                                      d  = d/10;
 205   2                                      d2 = d%10;
 206   2                                      d = d/10;
 207   2                                      d3 = d%10;      
 208   2                                      send_string("L = ");
 209   2                                      send_four_byte_to_char(d3,d2,d1,d0);
 210   2                                      send_string("mm.\r\n");
 211   2                                      //以下增加对舵机的控制，可通过超声波测得的距离来判断行走与否
 212   2                                      
 213   2                      }       
 214   1      }
 215          //外部中断1中断服务函数
 216          void it_INT1(void) interrupt 2 
 217          { 
 218   1              IE1 = 0; 
 219   1      }
 220          //定时器0中断服务函数
 221          void it_timer0(void) interrupt 1 
 222          { 
 223   1              TF0 = 0; 
 224   1      }
 225          


MODULE INFORMATION:   STATIC OVERLAYABLE
   CODE SIZE        =    586    ----
   CONSTANT SIZE    =     11    ----
   XDATA SIZE       =   ----    ----
   PDATA SIZE       =   ----    ----
   DATA SIZE        =     14       7
   IDATA SIZE       =   ----    ----
   BIT SIZE         =   ----    ----
END OF MODULE INFORMATION.


C51 COMPILATION COMPLETE.  0 WARNING(S),  0 ERROR(S)
