C51 COMPILER V9.00   MOVE                                                                  09/07/2019 15:54:23 PAGE 1   


C51 COMPILER V9.00, COMPILATION OF MODULE MOVE
OBJECT MODULE PLACED IN move.OBJ
COMPILER INVOKED BY: C:\Keil\C51\BIN\C51.EXE move.c BROWSE DEBUG OBJECTEXTEND

line level    source

   1          #include<reg51.h> 
   2          #include<zhixian.h>
   3          #define uint unsigned int //宏定义uint 为unsigned int类型
   4          
   5          //主函数
   6          void main()
   7          {       
   8   1              //初始化
   9   1      //      T0_INIT();
  10   1      //      INT1_INIT();
  11   1      //      trig = 0;
  12   1              RTZ(30);
  13   1              RTZ(30);
  14   1              RTZ(30);
  15   1              RTZ(30);
  16   1              YLQ(0x2E);
  17   1              HL();
  18   1              Stop();
  19   1              Stop();
  20   1              RWQ();
  21   1              RTZ(30);
  22   1              RTZ(30);
  23   1              RTZ(20);
  24   1              //Forward(80,200);
  25   1              Left(37,200);
  26   1              Forward(110,200);
  27   1              while(1) Keep();
  28   1      
  29   1      }
*** WARNING C291 IN LINE 43 OF MOVE.C: not every exit path returns a value


MODULE INFORMATION:   STATIC OVERLAYABLE
   CODE SIZE        =   3722    ----
   CONSTANT SIZE    =     61    ----
   XDATA SIZE       =   ----    ----
   PDATA SIZE       =   ----    ----
   DATA SIZE        =     15      93
   IDATA SIZE       =   ----      86
   BIT SIZE         =      1       1
END OF MODULE INFORMATION.


C51 COMPILATION COMPLETE.  1 WARNING(S),  0 ERROR(S)
