C51 COMPILER V9.00   AD调试                                                                08/24/2019 11:02:49 PAGE 1   


C51 COMPILER V9.00, COMPILATION OF MODULE AD调试
OBJECT MODULE PLACED IN AD调试.OBJ
COMPILER INVOKED BY: C:\Keil\C51\BIN\C51.EXE AD调试.c BROWSE DEBUG OBJECTEXTEND

line level    source

   1          #include<reg51.h>    //包含单片机寄存器的头文件
   2          #include<AD.h>
   3          #include<ZS.h>
   4          #define uint unsigned int //宏定义uint 为unsigned int类型
   5          void main()
   6          {       
   7   1              uint a;
   8   1              Initial_com();
   9   1              while(1)
  10   1              {
  11   2                      a=DZS();
  12   2                      send_char(a);
  13   2                      send_char(0xff);
  14   2              }
  15   1      }
*** WARNING C291 IN LINE 39 OF AD调试.C: not every exit path returns a value


MODULE INFORMATION:   STATIC OVERLAYABLE
   CODE SIZE        =    820    ----
   CONSTANT SIZE    =     10    ----
   XDATA SIZE       =   ----    ----
   PDATA SIZE       =   ----    ----
   DATA SIZE        =     23      44
   IDATA SIZE       =   ----    ----
   BIT SIZE         =      1       1
END OF MODULE INFORMATION.


C51 COMPILATION COMPLETE.  1 WARNING(S),  0 ERROR(S)
