C51 COMPILER V9.00   MOVE3                                                                 08/25/2019 16:55:24 PAGE 1   


C51 COMPILER V9.00, COMPILATION OF MODULE MOVE3
OBJECT MODULE PLACED IN move3.OBJ
COMPILER INVOKED BY: C:\Keil\C51\BIN\C51.EXE move3.c BROWSE DEBUG OBJECTEXTEND

line level    source

   1          #include<reg51.h>    //包含单片机寄存器的头文件
   2          #include<zhixian.h>
   3          #define uint unsigned int //宏定义uint 为unsigned int类型
   4          
   5          void main()
   6          {       
   7   1              YLC(162);         /* 8 ! */
   8   1              while(1);
   9   1      }
*** WARNING C291 IN LINE 43 OF MOVE3.C: not every exit path returns a value


MODULE INFORMATION:   STATIC OVERLAYABLE
   CODE SIZE        =   2499    ----
   CONSTANT SIZE    =     50    ----
   XDATA SIZE       =   ----    ----
   PDATA SIZE       =   ----    ----
   DATA SIZE        =     15      58
   IDATA SIZE       =   ----      86
   BIT SIZE         =      1       1
END OF MODULE INFORMATION.


C51 COMPILATION COMPLETE.  1 WARNING(S),  0 ERROR(S)
