C51 COMPILER V9.00   MOVE                                                                  09/07/2019 21:51:51 PAGE 1   


C51 COMPILER V9.00, COMPILATION OF MODULE MOVE
OBJECT MODULE PLACED IN move.OBJ
COMPILER INVOKED BY: C:\Keil\C51\BIN\C51.EXE move.c BROWSE DEBUG OBJECTEXTEND

line level    source

   1          #include<reg51.h> 
   2          #include<zhixian.h>
   3          #include<luxian.h>
   4          #define uint unsigned int //宏定义uint 为unsigned int类型
   5          
   6          //主函数
   7          void main()
   8          {       
   9   1              //初始化
  10   1      //      T0_INIT();
  11   1      //      INT1_INIT();
  12   1      //      trig = 0;
  13   1              YRQ(0x2D);
  14   1              while(1) Keep();
  15   1      
  16   1      }
*** WARNING C291 IN LINE 43 OF MOVE.C: not every exit path returns a value


MODULE INFORMATION:   STATIC OVERLAYABLE
   CODE SIZE        =   4718    ----
   CONSTANT SIZE    =     61    ----
   XDATA SIZE       =   ----    ----
   PDATA SIZE       =   ----    ----
   DATA SIZE        =     15     113
   IDATA SIZE       =   ----      86
   BIT SIZE         =      1       1
END OF MODULE INFORMATION.


C51 COMPILATION COMPLETE.  1 WARNING(S),  0 ERROR(S)
