C51 COMPILER V9.00   _灭火程序                                                            09/08/2019 11:51:01 PAGE 1   


C51 COMPILER V9.00, COMPILATION OF MODULE _灭火程序
OBJECT MODULE PLACED IN 总灭火程序.OBJ
COMPILER INVOKED BY: C:\Keil\C51\BIN\C51.EXE 总灭火程序.c BROWSE DEBUG OBJECTEXTEND

line level    source

   1          #include<reg51.h>    //包含单片机寄存器的头文件
   2          #include<zhixian.h>
   3          #include<miehuo.h>
   4          #define uint unsigned int //宏定义uint 为unsigned int类型
   5          
   6          void main()
   7          {       //初始化
   8   1              T0_INIT();
   9   1              INT1_INIT();
  10   1              trig = 0;
  11   1              SIG=1;                  //风扇电机静止
  12   1              SIG1=1;         //火焰传感器
  13   1              SIG2=1;
  14   1      
  15   1              while(1)        //要加while传感器才会开始读取
  16   1              {
  17   2                      FRJF();
  18   2                      FourRoom();
  19   2                      //去下一个房间
  20   2                      ThreeRJF();
  21   2      
  22   2                      
  23   2                      while(1) Keep();                        
  24   2              }       
  25   1      }
*** WARNING C291 IN LINE 43 OF 总灭火程序.C: not every exit path returns a value


MODULE INFORMATION:   STATIC OVERLAYABLE
   CODE SIZE        =   5875    ----
   CONSTANT SIZE    =    161    ----
   XDATA SIZE       =   ----    ----
   PDATA SIZE       =   ----    ----
   DATA SIZE        =     15     119
   IDATA SIZE       =   ----     186
   BIT SIZE         =      1       1
END OF MODULE INFORMATION.


C51 COMPILATION COMPLETE.  1 WARNING(S),  0 ERROR(S)
