C51 COMPILER V9.00   灭火1                                                                 08/27/2019 14:11:54 PAGE 1   


C51 COMPILER V9.00, COMPILATION OF MODULE 灭火1
OBJECT MODULE PLACED IN 灭火1.OBJ
COMPILER INVOKED BY: C:\Keil\C51\BIN\C51.EXE 灭火1.c BROWSE DEBUG OBJECTEXTEND

line level    source

   1          #include<reg51.h>   
   2          #include<zhixian.h>
   3          #include<fan.h>
   4          
   5          void main()
   6          {
   7   1              uint x=0x28,count,idata G[20]={};
*** ERROR C141 IN LINE 7 OF 灭火1.C: syntax error near '}'
   8   1              SIG=1;
   9   1              SIG1=1;
  10   1              SIG2=1;
  11   1              SIG4=1;
  12   1              SIG5=1;
  13   1      
  14   1              //YLC(x);
  15   1                      /* 要调试看看什么时候检测到火焰在加到相应的地方或者循环里 */
  16   1                      if((SIG1==0)&&(SIG2==0)) //左右火焰传感器检测都检测到火焰
  17   1                      {
  18   2                               x=163;
  19   2                               YLC(x);
  20   2                               //找蜡烛模式
  21   2                               for(i=0;i<49;i++)               // i<50 ?? 40?
*** ERROR C202 IN LINE 21 OF 灭火1.C: 'i': undefined identifier
  22   2                               {
  23   3                               if(G[i+1]>=G[i]/*+4*/)
*** ERROR C202 IN LINE 23 OF 灭火1.C: 'i': undefined identifier
  24   3                                       {
  25   4                                       Left(1,50);
  26   4                                       G[i]=CSB();
*** ERROR C202 IN LINE 26 OF 灭火1.C: 'i': undefined identifier
  27   4                                       }
  28   3                               else
  29   3                                       {
  30   4                                              Keep();
  31   4                                              SIG=0;
  32   4                                              delay_nms(5000);
  33   4                                              SIG=1;
  34   4                                              count=i;
*** ERROR C202 IN LINE 34 OF 灭火1.C: 'i': undefined identifier
  35   4                                              break;
  36   4                                       }
  37   3                              while(CBS()>160)        /* 利用超声波返回转回刚才的距离 */
  38   3                              Right(1,150);
  39   3                              Right(35,200);          //回家了
  40   3                              }
  41   2                      }
  42   1      //              if(SIG4==0&&SIG5==0) //QTI传感器1检测到白色边界
  43   1      //              {       
  44   1      //                      SIG=0;             /*风扇启动最好放在舵机执行前面*/
  45   1      //                      Left(10,200);
  46   1      //              }
  47   1              
  48   1      }

C51 COMPILATION COMPLETE.  0 WARNING(S),  5 ERROR(S)
